<?xml version="1.0" encoding="UTF-8"?>
<!-- Generated by org.testng.reporters.JUnitXMLReporter -->
<testsuite hostname="Radha-PC" ignored="0" name="Default test" tests="16" failures="0" timestamp="2022-03-15T15:07:22 IST" time="511.536" errors="0">
  <testcase name="testCase001" time="35.098" classname="com.test.Test"/>
  <testcase name="testCase002" time="29.667" classname="com.test.Test"/>
  <testcase name="testCase003" time="1.818" classname="com.test.Test"/>
  <testcase name="testCase004" time="23.989" classname="com.test.Test"/>
  <testcase name="testCase005" time="0.328" classname="com.test.Test"/>
  <testcase name="testCase006" time="20.873" classname="com.test.Test"/>
  <testcase name="testCase007" time="0.313" classname="com.test.Test"/>
  <testcase name="testCase008" time="18.676" classname="com.test.Test"/>
  <testcase name="testCase009" time="0.399" classname="com.test.Test"/>
  <testcase name="testCase010" time="18.664" classname="com.test.Test"/>
  <testcase name="testCase011" time="0.318" classname="com.test.Test"/>
  <testcase name="testCase012" time="0.293" classname="com.test.Test"/>
  <testcase name="testCase013" time="6.507" classname="com.test.Test"/>
  <testcase name="testCase014" time="18.604" classname="com.test.Test"/>
  <testcase name="testCase015" time="22.362" classname="com.test.Test"/>
  <testcase name="testCase016" time="0.231" classname="com.test.Test"/>
</testsuite> <!-- Default test -->
